<?xml version="1.0" encoding="UTF-8"?>
<!-- Generated by org.testng.reporters.JUnitReportReporter -->
<testsuite hostname="Harini" failures="0" tests="1" name="selenium.Day7Testing.NewTest1" time="22.295" errors="0" timestamp="3 Jun 2023 07:02:56 GMT">
  <testcase classname="selenium.Day7Testing.NewTest1" name="test" time="22.295"/>
</testsuite> <!-- selenium.Day7Testing.NewTest1 -->
